.
----------------------------------------------------------------------
Ran 1 test in 0.000s

OK
.
----------------------------------------------------------------------
Ran 1 test in 0.000s

OK
.
----------------------------------------------------------------------
Ran 1 test in 0.002s

OK
.
----------------------------------------------------------------------
Ran 1 test in 0.000s

OK
.
----------------------------------------------------------------------
Ran 1 test in 0.000s

OK
.
----------------------------------------------------------------------
Ran 1 test in 0.001s

OK
.
----------------------------------------------------------------------
Ran 1 test in 0.000s

OK
.
----------------------------------------------------------------------
Ran 1 test in 0.001s

OK
.
----------------------------------------------------------------------
Ran 1 test in 0.000s

OK
.
----------------------------------------------------------------------
Ran 1 test in 0.000s

OK
E
======================================================================
ERROR: test_03_negative_samples_0_hidden (hw06_skipgram.test_skipgram_hidden.Test_word_similarity)
Tests whether positive tuples are created correctly.
----------------------------------------------------------------------
Traceback (most recent call last):
  File .../tmp_repositories/abgabe/hw06_skipgram/TUM_s/src/hw06_skipgram/test_skipgram_hidden.py", line 34, in test_03_negative_samples_0_hidden
    with_negatives = list(pos_neg_cooccurrences)
  File .../tmp_repositories/abgabe/hw06_skipgram/TUM_s/src/hw06_skipgram/utils.py", line 43, in positive_and_negative_cooccurrences
    yield (vocab_to_id[zielw],vocab_to_id[kontextw],True)
KeyError: '5'

----------------------------------------------------------------------
Ran 1 test in 0.001s

FAILED (errors=1)
.
----------------------------------------------------------------------
Ran 1 test in 0.000s

OK
.
----------------------------------------------------------------------
Ran 1 test in 0.000s

OK
.
----------------------------------------------------------------------
Ran 1 test in 0.001s

OK
.
----------------------------------------------------------------------
Ran 1 test in 0.000s

OK
.
----------------------------------------------------------------------
Ran 1 test in 0.001s

OK
